build/app/intermediates/manifest_merge_blame_file/release/manifest-merger-blame-release-report.txt
1<?xml version="1.0" encoding="utf-8"?>
2<manifest xmlns:android="http://schemas.android.com/apk/res/android"
3    package="com.example.expense_tracker"
4    android:versionCode="1"
5    android:versionName="1.0.0" >
6
7    <uses-sdk
8        android:minSdkVersion="21"
8-->src\main\AndroidManifest.xml
9        android:targetSdkVersion="33" />
9-->src\main\AndroidManifest.xml
10
11    <uses-permission android:name="android.permission.RECEIVE_BOOT_COMPLETED" />
11-->[:flutter_local_notifications] AndroidManifest.xml:9:5-81
11-->[:flutter_local_notifications] AndroidManifest.xml:9:22-78
12    <uses-permission android:name="android.permission.VIBRATE" />
12-->[:flutter_local_notifications] AndroidManifest.xml:10:5-66
12-->[:flutter_local_notifications] AndroidManifest.xml:10:22-63
13    <uses-permission android:name="android.permission.USE_FULL_SCREEN_INTENT" />
13-->[:flutter_local_notifications] AndroidManifest.xml:11:5-81
13-->[:flutter_local_notifications] AndroidManifest.xml:11:22-78
14    <uses-permission android:name="android.permission.SCHEDULE_EXACT_ALARM" />
14-->[:flutter_local_notifications] AndroidManifest.xml:12:5-79
14-->[:flutter_local_notifications] AndroidManifest.xml:12:22-76
15    <uses-permission android:name="android.permission.POST_NOTIFICATIONS" />
15-->[:flutter_local_notifications] AndroidManifest.xml:13:5-77
15-->[:flutter_local_notifications] AndroidManifest.xml:13:22-74
16    <uses-permission android:name="android.permission.INTERNET" />
16-->[com.google.firebase:firebase-auth:22.0.0] AndroidManifest.xml:25:5-67
16-->[com.google.firebase:firebase-auth:22.0.0] AndroidManifest.xml:25:22-64
17    <uses-permission android:name="android.permission.ACCESS_NETWORK_STATE" />
17-->[com.google.firebase:firebase-auth:22.0.0] AndroidManifest.xml:26:5-79
17-->[com.google.firebase:firebase-auth:22.0.0] AndroidManifest.xml:26:22-76
18
19    <application
20        android:name="android.app.Application"
20-->src\main\AndroidManifest.xml:5:9-42
21        android:appComponentFactory="androidx.core.app.CoreComponentFactory"
21-->[androidx.core:core:1.6.0] AndroidManifest.xml:24:18-86
22        android:icon="@mipmap/ic_launcher"
22-->src\main\AndroidManifest.xml:6:9-43
23        android:label="expense_tracker" >
23-->src\main\AndroidManifest.xml:4:9-40
24        <activity
24-->src\main\AndroidManifest.xml:7:9-27:20
25            android:name="com.example.expense_tracker.MainActivity"
25-->src\main\AndroidManifest.xml:8:13-41
26            android:configChanges="orientation|keyboardHidden|keyboard|screenSize|smallestScreenSize|locale|layoutDirection|fontScale|screenLayout|density|uiMode"
26-->src\main\AndroidManifest.xml:12:13-163
27            android:exported="true"
27-->src\main\AndroidManifest.xml:9:13-36
28            android:hardwareAccelerated="true"
28-->src\main\AndroidManifest.xml:13:13-47
29            android:launchMode="singleTop"
29-->src\main\AndroidManifest.xml:10:13-43
30            android:theme="@style/LaunchTheme"
30-->src\main\AndroidManifest.xml:11:13-47
31            android:windowSoftInputMode="adjustResize" >
31-->src\main\AndroidManifest.xml:14:13-55
32
33            <!--
34                 Specifies an Android theme to apply to this Activity as soon as
35                 the Android process has started. This theme is visible to the user
36                 while the Flutter UI initializes. After that, this theme continues
37                 to determine the Window background behind the Flutter UI.
38            -->
39            <meta-data
39-->src\main\AndroidManifest.xml:19:13-22:17
40                android:name="io.flutter.embedding.android.NormalTheme"
40-->src\main\AndroidManifest.xml:20:15-70
41                android:resource="@style/NormalTheme" />
41-->src\main\AndroidManifest.xml:21:15-52
42
43            <intent-filter>
43-->src\main\AndroidManifest.xml:23:13-26:29
44                <action android:name="android.intent.action.MAIN" />
44-->src\main\AndroidManifest.xml:24:17-68
44-->src\main\AndroidManifest.xml:24:25-66
45
46                <category android:name="android.intent.category.LAUNCHER" />
46-->src\main\AndroidManifest.xml:25:17-76
46-->src\main\AndroidManifest.xml:25:27-74
47            </intent-filter>
48        </activity>
49        <!--
50             Don't delete the meta-data below.
51             This is used by the Flutter tool to generate GeneratedPluginRegistrant.java
52        -->
53        <meta-data
53-->src\main\AndroidManifest.xml:30:9-32:33
54            android:name="flutterEmbedding"
54-->src\main\AndroidManifest.xml:31:13-44
55            android:value="2" />
55-->src\main\AndroidManifest.xml:32:13-30
56
57        <service
57-->[:firebase_auth] AndroidManifest.xml:10:9-14:19
58            android:name="com.google.firebase.components.ComponentDiscoveryService"
58-->[:firebase_auth] AndroidManifest.xml:10:18-89
59            android:directBootAware="true"
59-->[com.google.firebase:firebase-common:20.3.2] AndroidManifest.xml:34:13-43
60            android:exported="false" >
60-->[com.google.firebase:firebase-auth:22.0.0] AndroidManifest.xml:68:13-37
61            <meta-data
61-->[:firebase_auth] AndroidManifest.xml:11:13-13:85
62                android:name="com.google.firebase.components:io.flutter.plugins.firebase.auth.FlutterFirebaseAuthRegistrar"
62-->[:firebase_auth] AndroidManifest.xml:12:17-124
63                android:value="com.google.firebase.components.ComponentRegistrar" />
63-->[:firebase_auth] AndroidManifest.xml:13:17-82
64            <meta-data
64-->[:cloud_firestore] AndroidManifest.xml:11:13-13:85
65                android:name="com.google.firebase.components:io.flutter.plugins.firebase.firestore.FlutterFirebaseFirestoreRegistrar"
65-->[:cloud_firestore] AndroidManifest.xml:12:17-134
66                android:value="com.google.firebase.components.ComponentRegistrar" />
66-->[:cloud_firestore] AndroidManifest.xml:13:17-82
67            <meta-data
67-->[:firebase_core] AndroidManifest.xml:11:13-13:85
68                android:name="com.google.firebase.components:io.flutter.plugins.firebase.core.FlutterFirebaseCoreRegistrar"
68-->[:firebase_core] AndroidManifest.xml:12:17-124
69                android:value="com.google.firebase.components.ComponentRegistrar" />
69-->[:firebase_core] AndroidManifest.xml:13:17-82
70            <meta-data
70-->[com.google.firebase:firebase-auth:22.0.0] AndroidManifest.xml:69:13-71:85
71                android:name="com.google.firebase.components:com.google.firebase.auth.FirebaseAuthRegistrar"
71-->[com.google.firebase:firebase-auth:22.0.0] AndroidManifest.xml:70:17-109
72                android:value="com.google.firebase.components.ComponentRegistrar" />
72-->[com.google.firebase:firebase-auth:22.0.0] AndroidManifest.xml:71:17-82
73            <meta-data
73-->[com.google.firebase:firebase-firestore:24.6.0] AndroidManifest.xml:19:13-21:85
74                android:name="com.google.firebase.components:com.google.firebase.firestore.FirestoreRegistrar"
74-->[com.google.firebase:firebase-firestore:24.6.0] AndroidManifest.xml:20:17-111
75                android:value="com.google.firebase.components.ComponentRegistrar" />
75-->[com.google.firebase:firebase-firestore:24.6.0] AndroidManifest.xml:21:17-82
76        </service>
77
78        <receiver
78-->[:flutter_local_notifications] AndroidManifest.xml:16:9-18:40
79            android:name="com.dexterous.flutterlocalnotifications.ActionBroadcastReceiver"
79-->[:flutter_local_notifications] AndroidManifest.xml:17:13-91
80            android:exported="false" />
80-->[:flutter_local_notifications] AndroidManifest.xml:18:13-37
81        <receiver
81-->[:flutter_local_notifications] AndroidManifest.xml:19:9-21:40
82            android:name="com.dexterous.flutterlocalnotifications.ScheduledNotificationReceiver"
82-->[:flutter_local_notifications] AndroidManifest.xml:20:13-97
83            android:exported="false" />
83-->[:flutter_local_notifications] AndroidManifest.xml:21:13-37
84        <receiver
84-->[:flutter_local_notifications] AndroidManifest.xml:22:9-31:20
85            android:name="com.dexterous.flutterlocalnotifications.ScheduledNotificationBootReceiver"
85-->[:flutter_local_notifications] AndroidManifest.xml:23:13-101
86            android:exported="false" >
86-->[:flutter_local_notifications] AndroidManifest.xml:24:13-37
87            <intent-filter>
87-->[:flutter_local_notifications] AndroidManifest.xml:25:13-30:29
88                <action android:name="android.intent.action.BOOT_COMPLETED" />
88-->[:flutter_local_notifications] AndroidManifest.xml:26:17-79
88-->[:flutter_local_notifications] AndroidManifest.xml:26:25-76
89                <action android:name="android.intent.action.MY_PACKAGE_REPLACED" />
89-->[:flutter_local_notifications] AndroidManifest.xml:27:17-84
89-->[:flutter_local_notifications] AndroidManifest.xml:27:25-81
90                <action android:name="android.intent.action.QUICKBOOT_POWERON" />
90-->[:flutter_local_notifications] AndroidManifest.xml:28:17-82
90-->[:flutter_local_notifications] AndroidManifest.xml:28:25-79
91                <action android:name="com.htc.intent.action.QUICKBOOT_POWERON" />
91-->[:flutter_local_notifications] AndroidManifest.xml:29:17-82
91-->[:flutter_local_notifications] AndroidManifest.xml:29:25-79
92            </intent-filter>
93        </receiver>
94
95        <activity
95-->[com.google.firebase:firebase-auth:22.0.0] AndroidManifest.xml:29:9-46:20
96            android:name="com.google.firebase.auth.internal.GenericIdpActivity"
96-->[com.google.firebase:firebase-auth:22.0.0] AndroidManifest.xml:30:13-80
97            android:excludeFromRecents="true"
97-->[com.google.firebase:firebase-auth:22.0.0] AndroidManifest.xml:31:13-46
98            android:exported="true"
98-->[com.google.firebase:firebase-auth:22.0.0] AndroidManifest.xml:32:13-36
99            android:launchMode="singleTask"
99-->[com.google.firebase:firebase-auth:22.0.0] AndroidManifest.xml:33:13-44
100            android:theme="@android:style/Theme.Translucent.NoTitleBar" >
100-->[com.google.firebase:firebase-auth:22.0.0] AndroidManifest.xml:34:13-72
101            <intent-filter>
101-->[com.google.firebase:firebase-auth:22.0.0] AndroidManifest.xml:35:13-45:29
102                <action android:name="android.intent.action.VIEW" />
102-->[com.google.firebase:firebase-auth:22.0.0] AndroidManifest.xml:36:17-69
102-->[com.google.firebase:firebase-auth:22.0.0] AndroidManifest.xml:36:25-66
103
104                <category android:name="android.intent.category.DEFAULT" />
104-->[com.google.firebase:firebase-auth:22.0.0] AndroidManifest.xml:38:17-76
104-->[com.google.firebase:firebase-auth:22.0.0] AndroidManifest.xml:38:27-73
105                <category android:name="android.intent.category.BROWSABLE" />
105-->[com.google.firebase:firebase-auth:22.0.0] AndroidManifest.xml:39:17-78
105-->[com.google.firebase:firebase-auth:22.0.0] AndroidManifest.xml:39:27-75
106
107                <data
107-->[com.google.firebase:firebase-auth:22.0.0] AndroidManifest.xml:41:17-44:51
108                    android:host="firebase.auth"
108-->[com.google.firebase:firebase-auth:22.0.0] AndroidManifest.xml:42:21-49
109                    android:path="/"
109-->[com.google.firebase:firebase-auth:22.0.0] AndroidManifest.xml:43:21-37
110                    android:scheme="genericidp" />
110-->[com.google.firebase:firebase-auth:22.0.0] AndroidManifest.xml:44:21-48
111            </intent-filter>
112        </activity>
113        <activity
113-->[com.google.firebase:firebase-auth:22.0.0] AndroidManifest.xml:47:9-64:20
114            android:name="com.google.firebase.auth.internal.RecaptchaActivity"
114-->[com.google.firebase:firebase-auth:22.0.0] AndroidManifest.xml:48:13-79
115            android:excludeFromRecents="true"
115-->[com.google.firebase:firebase-auth:22.0.0] AndroidManifest.xml:49:13-46
116            android:exported="true"
116-->[com.google.firebase:firebase-auth:22.0.0] AndroidManifest.xml:50:13-36
117            android:launchMode="singleTask"
117-->[com.google.firebase:firebase-auth:22.0.0] AndroidManifest.xml:51:13-44
118            android:theme="@android:style/Theme.Translucent.NoTitleBar" >
118-->[com.google.firebase:firebase-auth:22.0.0] AndroidManifest.xml:52:13-72
119            <intent-filter>
119-->[com.google.firebase:firebase-auth:22.0.0] AndroidManifest.xml:53:13-63:29
120                <action android:name="android.intent.action.VIEW" />
120-->[com.google.firebase:firebase-auth:22.0.0] AndroidManifest.xml:36:17-69
120-->[com.google.firebase:firebase-auth:22.0.0] AndroidManifest.xml:36:25-66
121
122                <category android:name="android.intent.category.DEFAULT" />
122-->[com.google.firebase:firebase-auth:22.0.0] AndroidManifest.xml:38:17-76
122-->[com.google.firebase:firebase-auth:22.0.0] AndroidManifest.xml:38:27-73
123                <category android:name="android.intent.category.BROWSABLE" />
123-->[com.google.firebase:firebase-auth:22.0.0] AndroidManifest.xml:39:17-78
123-->[com.google.firebase:firebase-auth:22.0.0] AndroidManifest.xml:39:27-75
124
125                <data
125-->[com.google.firebase:firebase-auth:22.0.0] AndroidManifest.xml:41:17-44:51
126                    android:host="firebase.auth"
126-->[com.google.firebase:firebase-auth:22.0.0] AndroidManifest.xml:42:21-49
127                    android:path="/"
127-->[com.google.firebase:firebase-auth:22.0.0] AndroidManifest.xml:43:21-37
128                    android:scheme="recaptcha" />
128-->[com.google.firebase:firebase-auth:22.0.0] AndroidManifest.xml:44:21-48
129            </intent-filter>
130        </activity>
131
132        <uses-library
132-->[androidx.window:window:1.0.0-beta04] AndroidManifest.xml:25:9-27:40
133            android:name="androidx.window.extensions"
133-->[androidx.window:window:1.0.0-beta04] AndroidManifest.xml:26:13-54
134            android:required="false" />
134-->[androidx.window:window:1.0.0-beta04] AndroidManifest.xml:27:13-37
135        <uses-library
135-->[androidx.window:window:1.0.0-beta04] AndroidManifest.xml:28:9-30:40
136            android:name="androidx.window.sidecar"
136-->[androidx.window:window:1.0.0-beta04] AndroidManifest.xml:29:13-51
137            android:required="false" />
137-->[androidx.window:window:1.0.0-beta04] AndroidManifest.xml:30:13-37
138
139        <provider
139-->[com.google.firebase:firebase-common:20.3.2] AndroidManifest.xml:25:9-30:39
140            android:name="com.google.firebase.provider.FirebaseInitProvider"
140-->[com.google.firebase:firebase-common:20.3.2] AndroidManifest.xml:26:13-77
141            android:authorities="com.example.expense_tracker.firebaseinitprovider"
141-->[com.google.firebase:firebase-common:20.3.2] AndroidManifest.xml:27:13-72
142            android:directBootAware="true"
142-->[com.google.firebase:firebase-common:20.3.2] AndroidManifest.xml:28:13-43
143            android:exported="false"
143-->[com.google.firebase:firebase-common:20.3.2] AndroidManifest.xml:29:13-37
144            android:initOrder="100" />
144-->[com.google.firebase:firebase-common:20.3.2] AndroidManifest.xml:30:13-36
145
146        <activity
146-->[com.google.android.gms:play-services-base:18.0.1] AndroidManifest.xml:20:9-22:45
147            android:name="com.google.android.gms.common.api.GoogleApiActivity"
147-->[com.google.android.gms:play-services-base:18.0.1] AndroidManifest.xml:20:19-85
148            android:exported="false"
148-->[com.google.android.gms:play-services-base:18.0.1] AndroidManifest.xml:22:19-43
149            android:theme="@android:style/Theme.Translucent.NoTitleBar" />
149-->[com.google.android.gms:play-services-base:18.0.1] AndroidManifest.xml:21:19-78
150
151        <meta-data
151-->[com.google.android.gms:play-services-basement:18.1.0] AndroidManifest.xml:21:9-23:69
152            android:name="com.google.android.gms.version"
152-->[com.google.android.gms:play-services-basement:18.1.0] AndroidManifest.xml:22:13-58
153            android:value="@integer/google_play_services_version" />
153-->[com.google.android.gms:play-services-basement:18.1.0] AndroidManifest.xml:23:13-66
154    </application>
155
156</manifest>